<?xml version="1.0" encoding="UTF-8"?>
<testng-results skipped="0" failed="0" ignored="0" total="1" passed="1">
  <reporter-output>
  </reporter-output>
  <suite name="Suite" duration-ms="14848" started-at="2019-06-06T11:29:15Z" finished-at="2019-06-06T11:29:30Z">
    <groups>
    </groups>
    <test name="Test" duration-ms="14848" started-at="2019-06-06T11:29:15Z" finished-at="2019-06-06T11:29:30Z">
      <class name="varshitha1.Maven1">
        <test-method status="PASS" signature="Test()[pri:0, instance:varshitha1.Maven1@224edc67]" name="Test" duration-ms="14804" started-at="2019-06-06T11:29:15Z" finished-at="2019-06-06T11:29:30Z">
          <reporter-output>
          </reporter-output>
        </test-method> <!-- Test -->
      </class> <!-- varshitha1.Maven1 -->
    </test> <!-- Test -->
  </suite> <!-- Suite -->
</testng-results>
